14.05.2024 15:00:11 Сервер запущен
14.05.2024 15:00:18 Сервер: подключен новый пользователь
14.05.2024 15:00:21 Сервер: Пользователь ira вошел в чат
14.05.2024 15:00:27 Сервер: подключен новый пользователь
14.05.2024 15:00:37 Сервер: Пользователь Piter вошел в чат
14.05.2024 15:00:37 Пользователь ira получил сообщение от Piter вошел в чат
14.05.2024 15:00:53 Пользователь ira отправил сообщение: hey Piter
14.05.2024 15:00:53 Сервер: Получено сообщение от пользователя ira: hey Piter
14.05.2024 15:00:53 Пользователь Piter получил сообщение от ira: hey Piter
14.05.2024 15:01:01 Сервер: Получено сообщение от пользователя Piter: hey Ira
14.05.2024 15:01:01 Пользователь Piter отправил сообщение: hey Ira
14.05.2024 15:01:01 Пользователь ira получил сообщение от Piter: hey Ira
14.05.2024 15:01:11 Сервер: подключен новый пользователь
14.05.2024 15:01:49 Сервер: Пользователь John вошел в чат
14.05.2024 15:01:49 Пользователь ira получил сообщение от John вошел в чат
14.05.2024 15:01:49 Пользователь Piter получил сообщение от John вошел в чат
14.05.2024 15:02:14 Сервер: Получено сообщение от пользователя John: hello friends
14.05.2024 15:02:14 Пользователь Piter получил сообщение от John: hello friends
14.05.2024 15:02:14 Пользователь ira получил сообщение от John: hello friends
14.05.2024 15:02:14 Пользователь John отправил сообщение: hello friends
14.05.2024 15:02:34 Пользователь ira отправил сообщение: hi
14.05.2024 15:02:34 Сервер: Получено сообщение от пользователя ira: hi
14.05.2024 15:02:34 Пользователь John получил сообщение от ira: hi
14.05.2024 15:02:34 Пользователь Piter получил сообщение от ira: hi
14.05.2024 15:02:45 Сервер: Получено сообщение от пользователя Piter: hello John
14.05.2024 15:02:45 Пользователь Piter отправил сообщение: hello John
14.05.2024 15:02:45 Пользователь ira получил сообщение от Piter: hello John
14.05.2024 15:02:45 Пользователь John получил сообщение от Piter: hello John
14.05.2024 15:03:07 Пользователь John отправил сообщение: /exit
14.05.2024 15:03:07 John покинул чат
14.05.2024 15:03:07 Сервер: Получено сообщение от пользователя John: /exit
14.05.2024 15:03:07 Пользователь ira получил сообщение от John покинул чат
14.05.2024 15:03:07 Пользователь Piter получил сообщение от John покинул чат
14.05.2024 15:03:20 Сервер: Получено сообщение от пользователя ira: /settings
14.05.2024 15:03:20 Пользователь ira отправил сообщение: /settings
14.05.2024 15:03:20 Пользователь ira получил сообщение от Ваш клиентский порт: 54776
14.05.2024 15:03:20 Пользователь Piter получил сообщение от ira: /settings
14.05.2024 15:03:20 Пользователь ira получил сообщение от IP адрес сервера: /127.0.0.1
14.05.2024 15:03:20 Пользователь ira получил сообщение от Порт сервера: 8088
14.05.2024 15:03:20 Пользователь ira получил сообщение от Ваш никнейм: ira
14.05.2024 15:03:30 Пользователь ira отправил сообщение: /exit
14.05.2024 15:03:30 Сервер: Получено сообщение от пользователя ira: /exit
14.05.2024 15:03:30 Пользователь Piter получил сообщение от ira покинул чат
14.05.2024 15:03:30 ira покинул чат
